     1	      IDENTIFICATION DIVISION.							27JAN24 09:07:32  PAGE	  1
     2	      PROGRAM-ID. try.
     3	     *AUTHOR. JEI.
     4	     *INSTALLATION. TAYTAY.
     5	     *DATE-WRITTEN. 01-26-2024.
     6	     *DATE-COMPILED. 01-26-2024.
     7	     *SECURITY. ME ONLY.
     8	     *REMARKS. FIRST PROGRAM.
     9	      ENVIRONMENT DIVISION.
    10	      CONFIGURATION SECTION.
    11	      SOURCE-COMPUTER. LAPTOP-GUPS4DA8.
    12	      OBJECT-COMPUTER. LAPTOP-GUPS4DA8.
    13	      INPUT-OUTPUT SECTION.
    14	      FILE-CONTROL.
    15            SELECT INFILE ASSIGN TO "Jeiren.txt".
    16            SELECT OUTFILE ASSIGN TO "bsit".
    17	      DATA DIVISION.
    18	      FILE SECTION.
    19	      FD  INFILE
    20		  LABEL RECORD IS STANDARD
    21		  RECORD CONTAINS 38 CHARACTERS
    22		  DATA RECORD IS INREC.
    23	      01  INREC.
    24		  02 AC PIC X.
    25		  02 SNO PIC 9(5).
    26		  02 SNA.
    27		     05 FN PIC X(10).
    28		     05 MN PIC X(5).
    29		     05 LN PIC X(10).
    30		  02 AMT PIC 9(5)V99.
    31	      FD  OUTFILE
    32		  LABEL RECORD IS OMITTED
    33		  DATA RECORD IS OUTREC.
    34	      01  OUTREC.
    35		  02 FILLER PIC X(80).
    36	      WORKING-STORAGE SECTION.
    37	      01  SVAC PIC X VALUE SPACES.
    38	      01  TNS PIC 9(4) VALUE ZERO.
    39	      01  TA PIC 9(7)V99 VALUE ZERO.
    40	      01  EOFSW PIC 9 VALUE ZERO.
    41	      01  HEAD-1.
    42		  02 FILLER PIC X(29) VALUE SPACES.
    43            02 FILLER PIC X(22) VALUE "SAN MIGUEL CORPORATION".
    44		  02 FILLER PIC X(29) VALUE SPACES.
    45	      01  HEAD-2.
    46		  02 FILLER PIC X(31) VALUE SPACES.
    47            02 FILLER PIC X(17) VALUE "STA. MESA,MANILA".
    48		  02 FILLER PIC X(32) VALUE SPACES.
    49	      01  SUB-1.
    50		  02 FILLER PIC X(34) VALUE SPACES.
    51            02 FILLER PIC X(12) VALUE "SALES REPORT".
    52		  02 FILLER PIC X(34) VALUE SPACES.
    53	      01  SUB-2.
    54		  02 FILLER PIC X(7) VALUE SPACES.
    55            02 FILLER PIC X(4) VALUE "AREA".
    56		  02 FILLER PIC X(7) VALUE SPACES.
    57            02 FILLER PIC X(8) VALUE "SALESMAN".
    58		  02 FILLER PIC X(16) VALUE SPACES.
    59            02 FILLER PIC X(8) VALUE "SALESMAN".
    60		  02 FILLER PIC X(15) VALUE SPACES.    61            02 FILLER PIC X(6) VALUE "AMOUNT".                                    27JAN24 09:07:32  PAGE    2
    62		  02 FILLER PIC X(9) VALUE SPACES.
    63	      01  SUB-3.
    64		  02 FILLER PIC X(7) VALUE SPACES.
    65            02 FILLER PIC X(4) VALUE "CODE".
    66		  02 FILLER PIC X(8) VALUE SPACES.
    67            02 FILLER PIC X(6) VALUE "NUMBER".
    68		  02 FILLER PIC X(18) VALUE SPACES.
    69            02 FILLER PIC X(4) VALUE "NAME".
    70		  02 FILLER PIC X(33) VALUE SPACES.
    71	      01  DETALYE.
    72		  02 FILLER PIC X(9) VALUE SPACES.
    73		  02 P-AC PIC X.
    74		  02 FILLER PIC X(10) VALUE SPACES.
    75		  02 P-SNO PIC 9(5).
    76		  02 FILLER PIC X(8) VALUE SPACES.
    77		  02 P-SNA PIC X(25).
    78		  02 FILLER PIC X(7) VALUE SPACES.
    79		  02 P-AMT PIC 99,999.99.
    80		  02 FILLER PIC X(6) VALUE SPACES.
    81	      01  TOTAL-1.
    82		  02 FILLER PIC X(7) VALUE SPACES.
    83            02 FILLER PIC X(9) VALUE "TOTAL NO.".
    84            02 FILLER PIC X(12) VALUE "OF SALESMEN:".
    85		  02 FILLER PIC X(9) VALUE SPACES.
    86		  02 P-TNS PIC 9,999.
    87		  02 FILLER PIC X(38) VALUE SPACES.
    88	      01  TOTAL-2.
    89		  02 FILLER PIC X(7) VALUE SPACES.
    90            02 FILLER PIC X(6) VALUE "TOTAL ".
    91            02 FILLER PIC X(11) VALUE "ACCUMULATED".
    92            02 FILLER PIC X(8) VALUE "AMOUNT".
    93            02 FILLER PIC X(4) VALUE " PHP".
    94		  02 P-TA PIC 9,999,999.99.
    95		  02 FILLER PIC X(33) VALUE SPACES.
    96	      SCREEN SECTION.
    97	      01  SCRE.
    98		  02 BLANK SCREEN.
    99	      PROCEDURE DIVISION.
   100	      MAIN-RTN.
   101		  PERFORM INIT-RTN THRU INIT-RTN-END.
   102		  PERFORM PROCESS-RTN UNTIL EOFSW = 1.
   103		  PERFORM FINISH-RTN.
   104		  STOP RUN.
   105	      INIT-RTN.
   106		  OPEN INPUT INFILE, OUTPUT OUTFILE.
   107		  READ INFILE AT END PERFORM END-RTN
   108		  GO TO INIT-RTN-END.
   109		  MOVE AC TO SVAC.
   110		  PERFORM HEADING-RTN.
   111	      INIT-RTN-END.
   112	      END-RTN.
   113		  MOVE 1 TO EOFSW.
   114            DISPLAY "EMPTY FILE" LINE 3 COLUMN 20.
   115	      HEADING-RTN.
   116		  WRITE OUTREC FROM HEAD-1 AFTER PAGE.
   117		  WRITE OUTREC FROM HEAD-2 AFTER 1.
   118		  WRITE OUTREC FROM SUB-1 AFTER 3.
   119		  WRITE OUTREC FROM SUB-2 AFTER 2.
   120		  WRITE OUTREC FROM SUB-3 AFTER 1.   121	      PROCESS-RTN.								27JAN24 09:07:32  PAGE	  3
   122		  DISPLAY SCRE.
   123		  IF SVAC NOT = AC PERFORM AC-BREAK-RTN ELSE
   124		  NEXT SENTENCE.
   125		  MOVE AC TO P-AC.
   126		  MOVE SNO TO P-SNO.
   127		  MOVE SNA TO P-SNA.
   128		  MOVE AMT TO P-AMT.
   129		  WRITE OUTREC FROM DETALYE AFTER 1.
   130		  ADD 1 TO TNS GIVING TNS.
   131		  ADD AMT TO TA GIVING TA.
   132		  READ INFILE AT END MOVE 1 TO EOFSW PERFORM
   133		  AC-BREAK-RTN.
   134	      AC-BREAK-RTN.
   135		  MOVE TNS TO P-TNS.
   136		  MOVE TA TO P-TA.
   137		  WRITE OUTREC FROM TOTAL-1 AFTER 3.
   138		  WRITE OUTREC FROM TOTAL-2 AFTER 1.
   139		  MOVE 0 TO TNS, TA.
   140		  MOVE AC TO SVAC.
   141	      FINISH-RTN.
   142		  CLOSE INFILE, OUTFILE.
   143            DISPLAY "TAPOS NA" LINE 6 COLUMN 20.Realia COBOL Version 4.000   SN: 01-07732  C:MONDEJAR.COB				27JAN24 09:07:32  PAGE	  4



				    Segment Table
			Segment    Number     Length	    Name

			  C00	     05        03D4	 TRY$C00
			  D00	     06        04FE	 TRY$D00


			Realia COBOL Compiler Version Information

			      Pass 1	 Version 4.059
			      Pass 1a	 Version 4.025
			      Pass 2	 Version 4.059
			      Pass 2a	 Version 4.024
			      Pass 3	 Version 4.083
			      Pass 4	 Version 4.028


			Compilation Directives in Effect

				    COMP-4
				    NODCHK
				      OPT
				    NOCALL
				    NOSUBCHK
				      STRCHK
				      ANSITRUNC
				    NOSMALLCOMP
				    NODCALL
				    NODIVZERO
				    NOEPDCALL
				      APOST
				      ASCII
				      STATABORT
				      MOVELINK
				    NOBLL4K
				      ARGCHK
				      UPLOW
				      WRITEAFTER
				      SOSI
				      DIALECT-REALIA4

				    ERROR LEVEL LIMIT: W

			Source lines compiled:	     143
			Compilation time (mm:ss.hh):  0:01.92
			Compilation speed (lines/minute):  4468

			Compilation date (yy/mm/dd): 24/01/27
			     Time of day (hh:mm:ss): 09:07:32

			Source length in LST file:000005638